{"C:\\Users\\rache\\scrap-manager\\backend\\redis\\cacheManager.js": {"path":"C:\\Users\\rache\\scrap-manager\\backend\\redis\\cacheManager.js","statementMap":{"0":{"start":{"line":1,"column":20},"end":{"line":1,"column":44}},"1":{"start":{"line":2,"column":19},"end":{"line":2,"column":59}},"2":{"start":{"line":3,"column":22},"end":{"line":3,"column":54}},"3":{"start":{"line":5,"column":19},"end":{"line":5,"column":23}},"4":{"start":{"line":8,"column":15},"end":{"line":8,"column":46}},"5":{"start":{"line":9,"column":2},"end":{"line":9,"column":40}},"6":{"start":{"line":13,"column":2},"end":{"line":30,"column":3}},"7":{"start":{"line":14,"column":4},"end":{"line":16,"column":5}},"8":{"start":{"line":15,"column":6},"end":{"line":15,"column":55}},"9":{"start":{"line":17,"column":4},"end":{"line":19,"column":5}},"10":{"start":{"line":18,"column":6},"end":{"line":18,"column":42}},"11":{"start":{"line":20,"column":4},"end":{"line":20,"column":65}},"12":{"start":{"line":21,"column":4},"end":{"line":21,"column":47}},"13":{"start":{"line":23,"column":4},"end":{"line":28,"column":7}},"14":{"start":{"line":29,"column":4},"end":{"line":29,"column":16}},"15":{"start":{"line":36,"column":19},"end":{"line":36,"column":52}},"16":{"start":{"line":38,"column":2},"end":{"line":56,"column":3}},"17":{"start":{"line":39,"column":4},"end":{"line":41,"column":5}},"18":{"start":{"line":40,"column":6},"end":{"line":40,"column":55}},"19":{"start":{"line":42,"column":4},"end":{"line":44,"column":5}},"20":{"start":{"line":43,"column":6},"end":{"line":43,"column":53}},"21":{"start":{"line":46,"column":4},"end":{"line":46,"column":59}},"22":{"start":{"line":47,"column":4},"end":{"line":47,"column":57}},"23":{"start":{"line":49,"column":4},"end":{"line":54,"column":7}},"24":{"start":{"line":55,"column":4},"end":{"line":55,"column":16}},"25":{"start":{"line":61,"column":19},"end":{"line":61,"column":52}},"26":{"start":{"line":62,"column":18},"end":{"line":62,"column":49}},"27":{"start":{"line":63,"column":2},"end":{"line":63,"column":44}},"28":{"start":{"line":66,"column":0},"end":{"line":71,"column":2}}},"fnMap":{"0":{"name":"getCacheValue","decl":{"start":{"line":7,"column":15},"end":{"line":7,"column":28}},"loc":{"start":{"line":7,"column":39},"end":{"line":10,"column":1}},"line":7},"1":{"name":"setCacheValue","decl":{"start":{"line":12,"column":15},"end":{"line":12,"column":28}},"loc":{"start":{"line":12,"column":50},"end":{"line":33,"column":1}},"line":12},"2":{"name":"setUserRepoMaxPageCount","decl":{"start":{"line":35,"column":15},"end":{"line":35,"column":38}},"loc":{"start":{"line":35,"column":58},"end":{"line":58,"column":1}},"line":35},"3":{"name":"getUserRepoMaxPageCount","decl":{"start":{"line":60,"column":15},"end":{"line":60,"column":38}},"loc":{"start":{"line":60,"column":49},"end":{"line":64,"column":1}},"line":60}},"branchMap":{"0":{"loc":{"start":{"line":9,"column":9},"end":{"line":9,"column":39}},"type":"cond-expr","locations":[{"start":{"line":9,"column":16},"end":{"line":9,"column":32}},{"start":{"line":9,"column":35},"end":{"line":9,"column":39}}],"line":9},"1":{"loc":{"start":{"line":14,"column":4},"end":{"line":16,"column":5}},"type":"if","locations":[{"start":{"line":14,"column":4},"end":{"line":16,"column":5}},{"start":{},"end":{}}],"line":14},"2":{"loc":{"start":{"line":14,"column":8},"end":{"line":14,"column":49}},"type":"binary-expr","locations":[{"start":{"line":14,"column":8},"end":{"line":14,"column":17}},{"start":{"line":14,"column":21},"end":{"line":14,"column":49}}],"line":14},"3":{"loc":{"start":{"line":17,"column":4},"end":{"line":19,"column":5}},"type":"if","locations":[{"start":{"line":17,"column":4},"end":{"line":19,"column":5}},{"start":{},"end":{}}],"line":17},"4":{"loc":{"start":{"line":39,"column":4},"end":{"line":41,"column":5}},"type":"if","locations":[{"start":{"line":39,"column":4},"end":{"line":41,"column":5}},{"start":{},"end":{}}],"line":39},"5":{"loc":{"start":{"line":39,"column":8},"end":{"line":39,"column":49}},"type":"binary-expr","locations":[{"start":{"line":39,"column":8},"end":{"line":39,"column":17}},{"start":{"line":39,"column":21},"end":{"line":39,"column":49}}],"line":39},"6":{"loc":{"start":{"line":42,"column":4},"end":{"line":44,"column":5}},"type":"if","locations":[{"start":{"line":42,"column":4},"end":{"line":44,"column":5}},{"start":{},"end":{}}],"line":42},"7":{"loc":{"start":{"line":42,"column":8},"end":{"line":42,"column":47}},"type":"binary-expr","locations":[{"start":{"line":42,"column":8},"end":{"line":42,"column":16}},{"start":{"line":42,"column":20},"end":{"line":42,"column":47}}],"line":42},"8":{"loc":{"start":{"line":63,"column":9},"end":{"line":63,"column":43}},"type":"cond-expr","locations":[{"start":{"line":63,"column":19},"end":{"line":63,"column":36}},{"start":{"line":63,"column":39},"end":{"line":63,"column":43}}],"line":63}},"s":{"0":5,"1":5,"2":5,"3":5,"4":2,"5":2,"6":2,"7":2,"8":0,"9":2,"10":0,"11":2,"12":2,"13":0,"14":0,"15":2,"16":2,"17":2,"18":0,"19":2,"20":0,"21":2,"22":2,"23":0,"24":0,"25":2,"26":2,"27":2,"28":5},"f":{"0":2,"1":2,"2":2,"3":2},"b":{"0":[2,0],"1":[0,2],"2":[2,2],"3":[0,2],"4":[0,2],"5":[2,2],"6":[0,2],"7":[2,2],"8":[2,0]},"_coverageSchema":"1a1c01bbd47fc00a2c39e90264f33305004495a9","hash":"4481a15919da44acc3c212d3642c67b198a7927c"}
,"C:\\Users\\rache\\scrap-manager\\backend\\redis\\cacheMiddlewareRepo.js": {"path":"C:\\Users\\rache\\scrap-manager\\backend\\redis\\cacheMiddlewareRepo.js","statementMap":{"0":{"start":{"line":1,"column":22},"end":{"line":1,"column":54}},"1":{"start":{"line":2,"column":20},"end":{"line":2,"column":44}},"2":{"start":{"line":3,"column":19},"end":{"line":3,"column":59}},"3":{"start":{"line":4,"column":21},"end":{"line":4,"column":46}},"4":{"start":{"line":5,"column":14},"end":{"line":5,"column":39}},"5":{"start":{"line":8,"column":2},"end":{"line":46,"column":4}},"6":{"start":{"line":9,"column":17},"end":{"line":9,"column":46}},"7":{"start":{"line":10,"column":20},"end":{"line":10,"column":44}},"8":{"start":{"line":13,"column":20},"end":{"line":13,"column":34}},"9":{"start":{"line":14,"column":4},"end":{"line":21,"column":5}},"10":{"start":{"line":15,"column":6},"end":{"line":15,"column":20}},"11":{"start":{"line":16,"column":11},"end":{"line":21,"column":5}},"12":{"start":{"line":17,"column":6},"end":{"line":17,"column":45}},"13":{"start":{"line":18,"column":11},"end":{"line":21,"column":5}},"14":{"start":{"line":19,"column":21},"end":{"line":19,"column":43}},"15":{"start":{"line":20,"column":6},"end":{"line":20,"column":41}},"16":{"start":{"line":23,"column":4},"end":{"line":45,"column":5}},"17":{"start":{"line":24,"column":18},"end":{"line":24,"column":41}},"18":{"start":{"line":26,"column":25},"end":{"line":26,"column":67}},"19":{"start":{"line":27,"column":6},"end":{"line":38,"column":7}},"20":{"start":{"line":28,"column":8},"end":{"line":31,"column":9}},"21":{"start":{"line":29,"column":10},"end":{"line":29,"column":69}},"22":{"start":{"line":30,"column":10},"end":{"line":30,"column":67}},"23":{"start":{"line":33,"column":8},"end":{"line":33,"column":49}},"24":{"start":{"line":35,"column":8},"end":{"line":35,"column":52}},"25":{"start":{"line":37,"column":8},"end":{"line":37,"column":41}},"26":{"start":{"line":40,"column":6},"end":{"line":40,"column":48}},"27":{"start":{"line":41,"column":6},"end":{"line":41,"column":13}},"28":{"start":{"line":43,"column":6},"end":{"line":43,"column":53}},"29":{"start":{"line":44,"column":6},"end":{"line":44,"column":18}},"30":{"start":{"line":49,"column":0},"end":{"line":49,"column":37}}},"fnMap":{"0":{"name":"cacheMiddlewareRepo","decl":{"start":{"line":7,"column":9},"end":{"line":7,"column":28}},"loc":{"start":{"line":7,"column":42},"end":{"line":47,"column":1}},"line":7},"1":{"name":"(anonymous_1)","decl":{"start":{"line":8,"column":9},"end":{"line":8,"column":10}},"loc":{"start":{"line":8,"column":35},"end":{"line":46,"column":3}},"line":8}},"branchMap":{"0":{"loc":{"start":{"line":7,"column":29},"end":{"line":7,"column":40}},"type":"default-arg","locations":[{"start":{"line":7,"column":36},"end":{"line":7,"column":40}}],"line":7},"1":{"loc":{"start":{"line":9,"column":17},"end":{"line":9,"column":46}},"type":"binary-expr","locations":[{"start":{"line":9,"column":17},"end":{"line":9,"column":41}},{"start":{"line":9,"column":45},"end":{"line":9,"column":46}}],"line":9},"2":{"loc":{"start":{"line":14,"column":4},"end":{"line":21,"column":5}},"type":"if","locations":[{"start":{"line":14,"column":4},"end":{"line":21,"column":5}},{"start":{"line":16,"column":11},"end":{"line":21,"column":5}}],"line":14},"3":{"loc":{"start":{"line":16,"column":11},"end":{"line":21,"column":5}},"type":"if","locations":[{"start":{"line":16,"column":11},"end":{"line":21,"column":5}},{"start":{"line":18,"column":11},"end":{"line":21,"column":5}}],"line":16},"4":{"loc":{"start":{"line":18,"column":11},"end":{"line":21,"column":5}},"type":"if","locations":[{"start":{"line":18,"column":11},"end":{"line":21,"column":5}},{"start":{},"end":{}}],"line":18},"5":{"loc":{"start":{"line":24,"column":18},"end":{"line":24,"column":41}},"type":"binary-expr","locations":[{"start":{"line":24,"column":18},"end":{"line":24,"column":33}},{"start":{"line":24,"column":37},"end":{"line":24,"column":41}}],"line":24},"6":{"loc":{"start":{"line":27,"column":6},"end":{"line":38,"column":7}},"type":"if","locations":[{"start":{"line":27,"column":6},"end":{"line":38,"column":7}},{"start":{},"end":{}}],"line":27},"7":{"loc":{"start":{"line":28,"column":8},"end":{"line":31,"column":9}},"type":"if","locations":[{"start":{"line":28,"column":8},"end":{"line":31,"column":9}},{"start":{},"end":{}}],"line":28}},"s":{"0":1,"1":1,"2":1,"3":1,"4":1,"5":1,"6":5,"7":5,"8":5,"9":5,"10":0,"11":5,"12":2,"13":3,"14":3,"15":3,"16":5,"17":5,"18":5,"19":5,"20":3,"21":1,"22":1,"23":2,"24":2,"25":2,"26":2,"27":2,"28":0,"29":0,"30":1},"f":{"0":1,"1":5},"b":{"0":[0],"1":[5,3],"2":[0,5],"3":[2,3],"4":[3,0],"5":[5,0],"6":[3,2],"7":[1,2]},"_coverageSchema":"1a1c01bbd47fc00a2c39e90264f33305004495a9","hash":"54f0c18f8d677320b566fd2e775559b11dfe4fb0"}
,"C:\\Users\\rache\\scrap-manager\\backend\\redis\\cacheMiddlewareUser.js": {"path":"C:\\Users\\rache\\scrap-manager\\backend\\redis\\cacheMiddlewareUser.js","statementMap":{"0":{"start":{"line":1,"column":22},"end":{"line":1,"column":54}},"1":{"start":{"line":2,"column":20},"end":{"line":2,"column":44}},"2":{"start":{"line":3,"column":19},"end":{"line":3,"column":59}},"3":{"start":{"line":4,"column":21},"end":{"line":4,"column":46}},"4":{"start":{"line":7,"column":2},"end":{"line":79,"column":4}},"5":{"start":{"line":8,"column":20},"end":{"line":8,"column":44}},"6":{"start":{"line":9,"column":22},"end":{"line":9,"column":73}},"7":{"start":{"line":9,"column":57},"end":{"line":9,"column":72}},"8":{"start":{"line":10,"column":21},"end":{"line":10,"column":33}},"9":{"start":{"line":12,"column":4},"end":{"line":14,"column":5}},"10":{"start":{"line":13,"column":6},"end":{"line":13,"column":20}},"11":{"start":{"line":17,"column":4},"end":{"line":39,"column":5}},"12":{"start":{"line":18,"column":23},"end":{"line":18,"column":41}},"13":{"start":{"line":19,"column":6},"end":{"line":38,"column":7}},"14":{"start":{"line":20,"column":28},"end":{"line":20,"column":70}},"15":{"start":{"line":21,"column":8},"end":{"line":32,"column":9}},"16":{"start":{"line":22,"column":10},"end":{"line":22,"column":51}},"17":{"start":{"line":24,"column":10},"end":{"line":27,"column":11}},"18":{"start":{"line":25,"column":12},"end":{"line":25,"column":71}},"19":{"start":{"line":26,"column":12},"end":{"line":26,"column":70}},"20":{"start":{"line":30,"column":10},"end":{"line":30,"column":55}},"21":{"start":{"line":31,"column":10},"end":{"line":31,"column":44}},"22":{"start":{"line":33,"column":8},"end":{"line":33,"column":50}},"23":{"start":{"line":34,"column":8},"end":{"line":34,"column":22}},"24":{"start":{"line":36,"column":8},"end":{"line":36,"column":55}},"25":{"start":{"line":37,"column":8},"end":{"line":37,"column":22}},"26":{"start":{"line":42,"column":4},"end":{"line":76,"column":5}},"27":{"start":{"line":43,"column":19},"end":{"line":43,"column":41}},"28":{"start":{"line":44,"column":6},"end":{"line":44,"column":77}},"29":{"start":{"line":46,"column":6},"end":{"line":48,"column":7}},"30":{"start":{"line":47,"column":8},"end":{"line":47,"column":22}},"31":{"start":{"line":50,"column":23},"end":{"line":50,"column":55}},"32":{"start":{"line":51,"column":6},"end":{"line":75,"column":7}},"33":{"start":{"line":52,"column":28},"end":{"line":52,"column":70}},"34":{"start":{"line":53,"column":8},"end":{"line":69,"column":9}},"35":{"start":{"line":54,"column":10},"end":{"line":54,"column":51}},"36":{"start":{"line":57,"column":10},"end":{"line":57,"column":55}},"37":{"start":{"line":60,"column":10},"end":{"line":62,"column":11}},"38":{"start":{"line":61,"column":12},"end":{"line":61,"column":53}},"39":{"start":{"line":63,"column":10},"end":{"line":66,"column":11}},"40":{"start":{"line":64,"column":12},"end":{"line":64,"column":71}},"41":{"start":{"line":65,"column":12},"end":{"line":65,"column":70}},"42":{"start":{"line":68,"column":10},"end":{"line":68,"column":44}},"43":{"start":{"line":70,"column":8},"end":{"line":70,"column":50}},"44":{"start":{"line":71,"column":8},"end":{"line":71,"column":22}},"45":{"start":{"line":73,"column":8},"end":{"line":73,"column":55}},"46":{"start":{"line":74,"column":8},"end":{"line":74,"column":22}},"47":{"start":{"line":78,"column":4},"end":{"line":78,"column":18}},"48":{"start":{"line":82,"column":0},"end":{"line":82,"column":37}}},"fnMap":{"0":{"name":"cacheMiddlewareUser","decl":{"start":{"line":6,"column":9},"end":{"line":6,"column":28}},"loc":{"start":{"line":6,"column":42},"end":{"line":80,"column":1}},"line":6},"1":{"name":"(anonymous_1)","decl":{"start":{"line":7,"column":9},"end":{"line":7,"column":10}},"loc":{"start":{"line":7,"column":35},"end":{"line":79,"column":3}},"line":7},"2":{"name":"(anonymous_2)","decl":{"start":{"line":9,"column":49},"end":{"line":9,"column":50}},"loc":{"start":{"line":9,"column":57},"end":{"line":9,"column":72}},"line":9}},"branchMap":{"0":{"loc":{"start":{"line":6,"column":29},"end":{"line":6,"column":40}},"type":"default-arg","locations":[{"start":{"line":6,"column":36},"end":{"line":6,"column":40}}],"line":6},"1":{"loc":{"start":{"line":12,"column":4},"end":{"line":14,"column":5}},"type":"if","locations":[{"start":{"line":12,"column":4},"end":{"line":14,"column":5}},{"start":{},"end":{}}],"line":12},"2":{"loc":{"start":{"line":17,"column":4},"end":{"line":39,"column":5}},"type":"if","locations":[{"start":{"line":17,"column":4},"end":{"line":39,"column":5}},{"start":{},"end":{}}],"line":17},"3":{"loc":{"start":{"line":21,"column":8},"end":{"line":32,"column":9}},"type":"if","locations":[{"start":{"line":21,"column":8},"end":{"line":32,"column":9}},{"start":{},"end":{}}],"line":21},"4":{"loc":{"start":{"line":24,"column":10},"end":{"line":27,"column":11}},"type":"if","locations":[{"start":{"line":24,"column":10},"end":{"line":27,"column":11}},{"start":{},"end":{}}],"line":24},"5":{"loc":{"start":{"line":42,"column":4},"end":{"line":76,"column":5}},"type":"if","locations":[{"start":{"line":42,"column":4},"end":{"line":76,"column":5}},{"start":{},"end":{}}],"line":42},"6":{"loc":{"start":{"line":42,"column":8},"end":{"line":42,"column":58}},"type":"binary-expr","locations":[{"start":{"line":42,"column":8},"end":{"line":42,"column":30}},{"start":{"line":42,"column":34},"end":{"line":42,"column":58}}],"line":42},"7":{"loc":{"start":{"line":46,"column":6},"end":{"line":48,"column":7}},"type":"if","locations":[{"start":{"line":46,"column":6},"end":{"line":48,"column":7}},{"start":{},"end":{}}],"line":46},"8":{"loc":{"start":{"line":46,"column":10},"end":{"line":46,"column":33}},"type":"binary-expr","locations":[{"start":{"line":46,"column":10},"end":{"line":46,"column":21}},{"start":{"line":46,"column":25},"end":{"line":46,"column":33}}],"line":46},"9":{"loc":{"start":{"line":53,"column":8},"end":{"line":69,"column":9}},"type":"if","locations":[{"start":{"line":53,"column":8},"end":{"line":69,"column":9}},{"start":{},"end":{}}],"line":53},"10":{"loc":{"start":{"line":60,"column":10},"end":{"line":62,"column":11}},"type":"if","locations":[{"start":{"line":60,"column":10},"end":{"line":62,"column":11}},{"start":{},"end":{}}],"line":60},"11":{"loc":{"start":{"line":63,"column":10},"end":{"line":66,"column":11}},"type":"if","locations":[{"start":{"line":63,"column":10},"end":{"line":66,"column":11}},{"start":{},"end":{}}],"line":63}},"s":{"0":1,"1":1,"2":1,"3":1,"4":1,"5":6,"6":6,"7":18,"8":6,"9":6,"10":0,"11":6,"12":3,"13":3,"14":3,"15":3,"16":2,"17":2,"18":1,"19":1,"20":1,"21":1,"22":1,"23":1,"24":0,"25":0,"26":3,"27":3,"28":3,"29":3,"30":0,"31":3,"32":3,"33":3,"34":3,"35":2,"36":2,"37":2,"38":1,"39":1,"40":0,"41":0,"42":1,"43":1,"44":1,"45":0,"46":0,"47":0,"48":1},"f":{"0":1,"1":6,"2":18},"b":{"0":[0],"1":[0,6],"2":[3,3],"3":[2,1],"4":[1,1],"5":[3,0],"6":[3,3],"7":[0,3],"8":[3,3],"9":[2,1],"10":[1,1],"11":[0,1]},"_coverageSchema":"1a1c01bbd47fc00a2c39e90264f33305004495a9","hash":"5dd6daa2419c8614980863bc064cc1ec68df676c"}
,"C:\\Users\\rache\\scrap-manager\\backend\\redis\\redisClient.js": {"path":"C:\\Users\\rache\\scrap-manager\\backend\\redis\\redisClient.js","statementMap":{"0":{"start":{"line":1,"column":14},"end":{"line":1,"column":30}},"1":{"start":{"line":2,"column":19},"end":{"line":2,"column":59}},"2":{"start":{"line":5,"column":21},"end":{"line":8,"column":1}},"3":{"start":{"line":12,"column":4},"end":{"line":12,"column":23}},"4":{"start":{"line":13,"column":4},"end":{"line":13,"column":31}},"5":{"start":{"line":17,"column":4},"end":{"line":17,"column":35}},"6":{"start":{"line":17,"column":28},"end":{"line":17,"column":35}},"7":{"start":{"line":19,"column":4},"end":{"line":24,"column":7}},"8":{"start":{"line":26,"column":4},"end":{"line":28,"column":7}},"9":{"start":{"line":27,"column":6},"end":{"line":27,"column":40}},"10":{"start":{"line":30,"column":4},"end":{"line":30,"column":32}},"11":{"start":{"line":31,"column":4},"end":{"line":31,"column":82}},"12":{"start":{"line":32,"column":4},"end":{"line":32,"column":69}},"13":{"start":{"line":33,"column":4},"end":{"line":33,"column":30}},"14":{"start":{"line":34,"column":4},"end":{"line":34,"column":53}},"15":{"start":{"line":38,"column":4},"end":{"line":44,"column":5}},"16":{"start":{"line":39,"column":6},"end":{"line":39,"column":41}},"17":{"start":{"line":40,"column":6},"end":{"line":40,"column":44}},"18":{"start":{"line":42,"column":6},"end":{"line":42,"column":62}},"19":{"start":{"line":43,"column":6},"end":{"line":43,"column":18}},"20":{"start":{"line":48,"column":4},"end":{"line":59,"column":5}},"21":{"start":{"line":49,"column":20},"end":{"line":49,"column":46}},"22":{"start":{"line":50,"column":6},"end":{"line":53,"column":7}},"23":{"start":{"line":51,"column":8},"end":{"line":51,"column":51}},"24":{"start":{"line":52,"column":8},"end":{"line":52,"column":21}},"25":{"start":{"line":54,"column":6},"end":{"line":54,"column":48}},"26":{"start":{"line":55,"column":6},"end":{"line":55,"column":18}},"27":{"start":{"line":57,"column":6},"end":{"line":57,"column":61}},"28":{"start":{"line":58,"column":6},"end":{"line":58,"column":18}},"29":{"start":{"line":63,"column":4},"end":{"line":63,"column":36}},"30":{"start":{"line":67,"column":4},"end":{"line":67,"column":38}},"31":{"start":{"line":71,"column":4},"end":{"line":71,"column":39}},"32":{"start":{"line":75,"column":21},"end":{"line":75,"column":39}},"33":{"start":{"line":78,"column":0},"end":{"line":80,"column":3}},"34":{"start":{"line":79,"column":2},"end":{"line":79,"column":52}},"35":{"start":{"line":82,"column":0},"end":{"line":82,"column":30}}},"fnMap":{"0":{"name":"(anonymous_0)","decl":{"start":{"line":11,"column":2},"end":{"line":11,"column":3}},"loc":{"start":{"line":11,"column":16},"end":{"line":14,"column":3}},"line":11},"1":{"name":"(anonymous_1)","decl":{"start":{"line":16,"column":2},"end":{"line":16,"column":3}},"loc":{"start":{"line":16,"column":20},"end":{"line":35,"column":3}},"line":16},"2":{"name":"(anonymous_2)","decl":{"start":{"line":26,"column":28},"end":{"line":26,"column":29}},"loc":{"start":{"line":26,"column":37},"end":{"line":28,"column":5}},"line":26},"3":{"name":"(anonymous_3)","decl":{"start":{"line":37,"column":2},"end":{"line":37,"column":3}},"loc":{"start":{"line":37,"column":29},"end":{"line":45,"column":3}},"line":37},"4":{"name":"(anonymous_4)","decl":{"start":{"line":47,"column":2},"end":{"line":47,"column":3}},"loc":{"start":{"line":47,"column":17},"end":{"line":60,"column":3}},"line":47},"5":{"name":"(anonymous_5)","decl":{"start":{"line":62,"column":2},"end":{"line":62,"column":3}},"loc":{"start":{"line":62,"column":21},"end":{"line":64,"column":3}},"line":62},"6":{"name":"(anonymous_6)","decl":{"start":{"line":66,"column":2},"end":{"line":66,"column":3}},"loc":{"start":{"line":66,"column":23},"end":{"line":68,"column":3}},"line":66},"7":{"name":"(anonymous_7)","decl":{"start":{"line":70,"column":2},"end":{"line":70,"column":3}},"loc":{"start":{"line":70,"column":24},"end":{"line":72,"column":3}},"line":70},"8":{"name":"(anonymous_8)","decl":{"start":{"line":78,"column":31},"end":{"line":78,"column":32}},"loc":{"start":{"line":78,"column":38},"end":{"line":80,"column":1}},"line":78}},"branchMap":{"0":{"loc":{"start":{"line":17,"column":4},"end":{"line":17,"column":35}},"type":"if","locations":[{"start":{"line":17,"column":4},"end":{"line":17,"column":35}},{"start":{},"end":{}}],"line":17},"1":{"loc":{"start":{"line":50,"column":6},"end":{"line":53,"column":7}},"type":"if","locations":[{"start":{"line":50,"column":6},"end":{"line":53,"column":7}},{"start":{},"end":{}}],"line":50}},"s":{"0":6,"1":6,"2":6,"3":6,"4":6,"5":9,"6":2,"7":7,"8":7,"9":0,"10":7,"11":4,"12":4,"13":4,"14":4,"15":1,"16":1,"17":1,"18":0,"19":0,"20":1,"21":1,"22":1,"23":1,"24":1,"25":0,"26":0,"27":0,"28":0,"29":0,"30":0,"31":0,"32":6,"33":6,"34":0,"35":6},"f":{"0":6,"1":9,"2":0,"3":1,"4":1,"5":0,"6":0,"7":0,"8":0},"b":{"0":[2,7],"1":[1,0]},"_coverageSchema":"1a1c01bbd47fc00a2c39e90264f33305004495a9","hash":"f882d74f39054d8e408f3ccb4a9be6a2fb952443"}
,"C:\\Users\\rache\\scrap-manager\\backend\\redis\\constants\\cache_ttl.js": {"path":"C:\\Users\\rache\\scrap-manager\\backend\\redis\\constants\\cache_ttl.js","statementMap":{"0":{"start":{"line":1,"column":18},"end":{"line":8,"column":1}},"1":{"start":{"line":10,"column":0},"end":{"line":12,"column":2}}},"fnMap":{},"branchMap":{},"s":{"0":9,"1":9},"f":{},"b":{},"_coverageSchema":"1a1c01bbd47fc00a2c39e90264f33305004495a9","hash":"48c4cb4e7ebbdbbd7975d0c122d2c638f53d1bc1"}
,"C:\\Users\\rache\\scrap-manager\\backend\\service\\fetchRepos.js": {"path":"C:\\Users\\rache\\scrap-manager\\backend\\service\\fetchRepos.js","statementMap":{"0":{"start":{"line":1,"column":14},"end":{"line":1,"column":30}},"1":{"start":{"line":2,"column":19},"end":{"line":2,"column":59}},"2":{"start":{"line":3,"column":14},"end":{"line":3,"column":46}},"3":{"start":{"line":4,"column":20},"end":{"line":4,"column":51}},"4":{"start":{"line":5,"column":22},"end":{"line":5,"column":51}},"5":{"start":{"line":6,"column":22},"end":{"line":6,"column":61}},"6":{"start":{"line":9,"column":2},"end":{"line":80,"column":3}},"7":{"start":{"line":10,"column":20},"end":{"line":10,"column":34}},"8":{"start":{"line":12,"column":18},"end":{"line":12,"column":19}},"9":{"start":{"line":14,"column":4},"end":{"line":17,"column":5}},"10":{"start":{"line":15,"column":6},"end":{"line":15,"column":97}},"11":{"start":{"line":16,"column":6},"end":{"line":16,"column":24}},"12":{"start":{"line":23,"column":4},"end":{"line":34,"column":5}},"13":{"start":{"line":25,"column":26},"end":{"line":25,"column":64}},"14":{"start":{"line":26,"column":23},"end":{"line":26,"column":61}},"15":{"start":{"line":27,"column":6},"end":{"line":31,"column":7}},"16":{"start":{"line":28,"column":8},"end":{"line":28,"column":72}},"17":{"start":{"line":30,"column":8},"end":{"line":30,"column":43}},"18":{"start":{"line":32,"column":27},"end":{"line":32,"column":40}},"19":{"start":{"line":33,"column":6},"end":{"line":33,"column":57}},"20":{"start":{"line":37,"column":21},"end":{"line":45,"column":7}},"21":{"start":{"line":38,"column":6},"end":{"line":45,"column":6}},"22":{"start":{"line":47,"column":25},"end":{"line":60,"column":7}},"23":{"start":{"line":47,"column":52},"end":{"line":60,"column":5}},"24":{"start":{"line":63,"column":18},"end":{"line":63,"column":41}},"25":{"start":{"line":64,"column":22},"end":{"line":64,"column":35}},"26":{"start":{"line":66,"column":4},"end":{"line":72,"column":5}},"27":{"start":{"line":66,"column":17},"end":{"line":66,"column":18}},"28":{"start":{"line":67,"column":22},"end":{"line":67,"column":56}},"29":{"start":{"line":68,"column":6},"end":{"line":71,"column":85}},"30":{"start":{"line":71,"column":46},"end":{"line":71,"column":83}},"31":{"start":{"line":75,"column":23},"end":{"line":75,"column":64}},"32":{"start":{"line":76,"column":4},"end":{"line":76,"column":20}},"33":{"start":{"line":78,"column":4},"end":{"line":78,"column":51}},"34":{"start":{"line":79,"column":4},"end":{"line":79,"column":16}},"35":{"start":{"line":84,"column":19},"end":{"line":84,"column":42}},"36":{"start":{"line":86,"column":2},"end":{"line":150,"column":3}},"37":{"start":{"line":88,"column":23},"end":{"line":88,"column":58}},"38":{"start":{"line":89,"column":4},"end":{"line":91,"column":5}},"39":{"start":{"line":90,"column":6},"end":{"line":90,"column":29}},"40":{"start":{"line":93,"column":21},"end":{"line":100,"column":7}},"41":{"start":{"line":94,"column":6},"end":{"line":100,"column":6}},"42":{"start":{"line":102,"column":25},"end":{"line":125,"column":5}},"43":{"start":{"line":127,"column":22},"end":{"line":130,"column":5}},"44":{"start":{"line":132,"column":4},"end":{"line":135,"column":9}},"45":{"start":{"line":134,"column":8},"end":{"line":134,"column":48}},"46":{"start":{"line":137,"column":4},"end":{"line":137,"column":24}},"47":{"start":{"line":140,"column":4},"end":{"line":148,"column":5}},"48":{"start":{"line":142,"column":28},"end":{"line":145,"column":7}},"49":{"start":{"line":146,"column":6},"end":{"line":147,"column":61}},"50":{"start":{"line":147,"column":22},"end":{"line":147,"column":59}},"51":{"start":{"line":149,"column":4},"end":{"line":149,"column":16}},"52":{"start":{"line":153,"column":0},"end":{"line":153,"column":56}}},"fnMap":{"0":{"name":"fetchRepositories","decl":{"start":{"line":8,"column":15},"end":{"line":8,"column":32}},"loc":{"start":{"line":8,"column":81},"end":{"line":81,"column":1}},"line":8},"1":{"name":"(anonymous_1)","decl":{"start":{"line":37,"column":48},"end":{"line":37,"column":49}},"loc":{"start":{"line":38,"column":6},"end":{"line":45,"column":6}},"line":38},"2":{"name":"(anonymous_2)","decl":{"start":{"line":47,"column":43},"end":{"line":47,"column":44}},"loc":{"start":{"line":47,"column":52},"end":{"line":60,"column":5}},"line":47},"3":{"name":"(anonymous_3)","decl":{"start":{"line":71,"column":39},"end":{"line":71,"column":40}},"loc":{"start":{"line":71,"column":46},"end":{"line":71,"column":83}},"line":71},"4":{"name":"fetchRepoDetail","decl":{"start":{"line":83,"column":15},"end":{"line":83,"column":30}},"loc":{"start":{"line":83,"column":39},"end":{"line":151,"column":1}},"line":83},"5":{"name":"(anonymous_5)","decl":{"start":{"line":93,"column":48},"end":{"line":93,"column":49}},"loc":{"start":{"line":94,"column":6},"end":{"line":100,"column":6}},"line":94},"6":{"name":"(anonymous_6)","decl":{"start":{"line":133,"column":13},"end":{"line":133,"column":14}},"loc":{"start":{"line":133,"column":22},"end":{"line":135,"column":7}},"line":133},"7":{"name":"(anonymous_7)","decl":{"start":{"line":147,"column":15},"end":{"line":147,"column":16}},"loc":{"start":{"line":147,"column":22},"end":{"line":147,"column":59}},"line":147}},"branchMap":{"0":{"loc":{"start":{"line":8,"column":33},"end":{"line":8,"column":42}},"type":"default-arg","locations":[{"start":{"line":8,"column":41},"end":{"line":8,"column":42}}],"line":8},"1":{"loc":{"start":{"line":8,"column":44},"end":{"line":8,"column":61}},"type":"default-arg","locations":[{"start":{"line":8,"column":60},"end":{"line":8,"column":61}}],"line":8},"2":{"loc":{"start":{"line":8,"column":63},"end":{"line":8,"column":79}},"type":"default-arg","locations":[{"start":{"line":8,"column":75},"end":{"line":8,"column":79}}],"line":8},"3":{"loc":{"start":{"line":14,"column":4},"end":{"line":17,"column":5}},"type":"if","locations":[{"start":{"line":14,"column":4},"end":{"line":17,"column":5}},{"start":{},"end":{}}],"line":14},"4":{"loc":{"start":{"line":14,"column":8},"end":{"line":14,"column":61}},"type":"binary-expr","locations":[{"start":{"line":14,"column":8},"end":{"line":14,"column":35}},{"start":{"line":14,"column":39},"end":{"line":14,"column":61}}],"line":14},"5":{"loc":{"start":{"line":23,"column":4},"end":{"line":34,"column":5}},"type":"if","locations":[{"start":{"line":23,"column":4},"end":{"line":34,"column":5}},{"start":{},"end":{}}],"line":23},"6":{"loc":{"start":{"line":27,"column":6},"end":{"line":31,"column":7}},"type":"if","locations":[{"start":{"line":27,"column":6},"end":{"line":31,"column":7}},{"start":{},"end":{}}],"line":27},"7":{"loc":{"start":{"line":89,"column":4},"end":{"line":91,"column":5}},"type":"if","locations":[{"start":{"line":89,"column":4},"end":{"line":91,"column":5}},{"start":{},"end":{}}],"line":89},"8":{"loc":{"start":{"line":115,"column":15},"end":{"line":118,"column":14}},"type":"cond-expr","locations":[{"start":{"line":115,"column":39},"end":{"line":118,"column":7}},{"start":{"line":118,"column":10},"end":{"line":118,"column":14}}],"line":115},"9":{"loc":{"start":{"line":140,"column":4},"end":{"line":148,"column":5}},"type":"if","locations":[{"start":{"line":140,"column":4},"end":{"line":148,"column":5}},{"start":{},"end":{}}],"line":140},"10":{"loc":{"start":{"line":146,"column":51},"end":{"line":146,"column":76}},"type":"binary-expr","locations":[{"start":{"line":146,"column":51},"end":{"line":146,"column":69}},{"start":{"line":146,"column":73},"end":{"line":146,"column":76}}],"line":146}},"s":{"0":1,"1":1,"2":1,"3":1,"4":1,"5":1,"6":5,"7":5,"8":5,"9":5,"10":1,"11":1,"12":5,"13":1,"14":1,"15":1,"16":1,"17":1,"18":0,"19":0,"20":4,"21":0,"22":3,"23":3,"24":3,"25":3,"26":3,"27":3,"28":3,"29":3,"30":1,"31":3,"32":3,"33":1,"34":1,"35":6,"36":6,"37":6,"38":6,"39":1,"40":5,"41":0,"42":2,"43":2,"44":2,"45":0,"46":2,"47":3,"48":2,"49":2,"50":1,"51":3,"52":1},"f":{"0":5,"1":0,"2":3,"3":1,"4":6,"5":0,"6":0,"7":1},"b":{"0":[0],"1":[1],"2":[0],"3":[1,4],"4":[5,5],"5":[1,4],"6":[1,0],"7":[1,5],"8":[0,2],"9":[2,1],"10":[2,0]},"_coverageSchema":"1a1c01bbd47fc00a2c39e90264f33305004495a9","hash":"b7ecc6a151a7b8400da7499c3c0317193448e85a"}
,"C:\\Users\\rache\\scrap-manager\\backend\\service\\fetchUser.js": {"path":"C:\\Users\\rache\\scrap-manager\\backend\\service\\fetchUser.js","statementMap":{"0":{"start":{"line":1,"column":14},"end":{"line":1,"column":30}},"1":{"start":{"line":2,"column":19},"end":{"line":2,"column":59}},"2":{"start":{"line":3,"column":14},"end":{"line":3,"column":46}},"3":{"start":{"line":4,"column":20},"end":{"line":4,"column":51}},"4":{"start":{"line":5,"column":22},"end":{"line":5,"column":51}},"5":{"start":{"line":6,"column":22},"end":{"line":6,"column":61}},"6":{"start":{"line":9,"column":19},"end":{"line":9,"column":37}},"7":{"start":{"line":11,"column":20},"end":{"line":11,"column":55}},"8":{"start":{"line":12,"column":2},"end":{"line":20,"column":3}},"9":{"start":{"line":13,"column":23},"end":{"line":13,"column":37}},"10":{"start":{"line":14,"column":4},"end":{"line":19,"column":5}},"11":{"start":{"line":15,"column":6},"end":{"line":17,"column":7}},"12":{"start":{"line":16,"column":8},"end":{"line":16,"column":26}},"13":{"start":{"line":18,"column":6},"end":{"line":18,"column":24}},"14":{"start":{"line":21,"column":2},"end":{"line":58,"column":3}},"15":{"start":{"line":22,"column":21},"end":{"line":28,"column":7}},"16":{"start":{"line":23,"column":6},"end":{"line":28,"column":6}},"17":{"start":{"line":30,"column":25},"end":{"line":41,"column":5}},"18":{"start":{"line":43,"column":22},"end":{"line":46,"column":5}},"19":{"start":{"line":47,"column":4},"end":{"line":47,"column":114}},"20":{"start":{"line":47,"column":75},"end":{"line":47,"column":112}},"21":{"start":{"line":48,"column":4},"end":{"line":48,"column":24}},"22":{"start":{"line":50,"column":4},"end":{"line":56,"column":5}},"23":{"start":{"line":51,"column":28},"end":{"line":54,"column":7}},"24":{"start":{"line":55,"column":6},"end":{"line":55,"column":123}},"25":{"start":{"line":55,"column":84},"end":{"line":55,"column":121}},"26":{"start":{"line":57,"column":4},"end":{"line":57,"column":16}},"27":{"start":{"line":62,"column":2},"end":{"line":135,"column":3}},"28":{"start":{"line":63,"column":21},"end":{"line":63,"column":53}},"29":{"start":{"line":66,"column":22},"end":{"line":66,"column":57}},"30":{"start":{"line":67,"column":4},"end":{"line":75,"column":5}},"31":{"start":{"line":68,"column":25},"end":{"line":68,"column":39}},"32":{"start":{"line":69,"column":6},"end":{"line":74,"column":7}},"33":{"start":{"line":70,"column":8},"end":{"line":72,"column":9}},"34":{"start":{"line":71,"column":10},"end":{"line":71,"column":28}},"35":{"start":{"line":73,"column":8},"end":{"line":73,"column":31}},"36":{"start":{"line":77,"column":21},"end":{"line":83,"column":7}},"37":{"start":{"line":78,"column":6},"end":{"line":83,"column":6}},"38":{"start":{"line":85,"column":26},"end":{"line":104,"column":7}},"39":{"start":{"line":85,"column":53},"end":{"line":104,"column":5}},"40":{"start":{"line":106,"column":18},"end":{"line":106,"column":42}},"41":{"start":{"line":109,"column":4},"end":{"line":115,"column":5}},"42":{"start":{"line":109,"column":17},"end":{"line":109,"column":18}},"43":{"start":{"line":110,"column":22},"end":{"line":110,"column":55}},"44":{"start":{"line":111,"column":6},"end":{"line":114,"column":78}},"45":{"start":{"line":114,"column":39},"end":{"line":114,"column":76}},"46":{"start":{"line":118,"column":4},"end":{"line":118,"column":110}},"47":{"start":{"line":118,"column":71},"end":{"line":118,"column":108}},"48":{"start":{"line":119,"column":4},"end":{"line":119,"column":77}},"49":{"start":{"line":122,"column":4},"end":{"line":130,"column":5}},"50":{"start":{"line":123,"column":27},"end":{"line":127,"column":7}},"51":{"start":{"line":128,"column":6},"end":{"line":128,"column":122}},"52":{"start":{"line":128,"column":83},"end":{"line":128,"column":120}},"53":{"start":{"line":129,"column":6},"end":{"line":129,"column":26}},"54":{"start":{"line":131,"column":4},"end":{"line":131,"column":20}},"55":{"start":{"line":133,"column":4},"end":{"line":133,"column":67}},"56":{"start":{"line":134,"column":4},"end":{"line":134,"column":16}},"57":{"start":{"line":141,"column":0},"end":{"line":141,"column":54}}},"fnMap":{"0":{"name":"fetchUserProfile","decl":{"start":{"line":8,"column":15},"end":{"line":8,"column":31}},"loc":{"start":{"line":8,"column":42},"end":{"line":59,"column":1}},"line":8},"1":{"name":"(anonymous_1)","decl":{"start":{"line":22,"column":48},"end":{"line":22,"column":49}},"loc":{"start":{"line":23,"column":6},"end":{"line":28,"column":6}},"line":23},"2":{"name":"(anonymous_2)","decl":{"start":{"line":47,"column":68},"end":{"line":47,"column":69}},"loc":{"start":{"line":47,"column":75},"end":{"line":47,"column":112}},"line":47},"3":{"name":"(anonymous_3)","decl":{"start":{"line":55,"column":77},"end":{"line":55,"column":78}},"loc":{"start":{"line":55,"column":84},"end":{"line":55,"column":121}},"line":55},"4":{"name":"fetchUserRepos","decl":{"start":{"line":61,"column":15},"end":{"line":61,"column":29}},"loc":{"start":{"line":61,"column":50},"end":{"line":139,"column":1}},"line":61},"5":{"name":"(anonymous_5)","decl":{"start":{"line":77,"column":48},"end":{"line":77,"column":49}},"loc":{"start":{"line":78,"column":6},"end":{"line":83,"column":6}},"line":78},"6":{"name":"(anonymous_6)","decl":{"start":{"line":85,"column":44},"end":{"line":85,"column":45}},"loc":{"start":{"line":85,"column":53},"end":{"line":104,"column":5}},"line":85},"7":{"name":"(anonymous_7)","decl":{"start":{"line":114,"column":32},"end":{"line":114,"column":33}},"loc":{"start":{"line":114,"column":39},"end":{"line":114,"column":76}},"line":114},"8":{"name":"(anonymous_8)","decl":{"start":{"line":118,"column":64},"end":{"line":118,"column":65}},"loc":{"start":{"line":118,"column":71},"end":{"line":118,"column":108}},"line":118},"9":{"name":"(anonymous_9)","decl":{"start":{"line":128,"column":76},"end":{"line":128,"column":77}},"loc":{"start":{"line":128,"column":83},"end":{"line":128,"column":120}},"line":128}},"branchMap":{"0":{"loc":{"start":{"line":12,"column":2},"end":{"line":20,"column":3}},"type":"if","locations":[{"start":{"line":12,"column":2},"end":{"line":20,"column":3}},{"start":{},"end":{}}],"line":12},"1":{"loc":{"start":{"line":14,"column":4},"end":{"line":19,"column":5}},"type":"if","locations":[{"start":{"line":14,"column":4},"end":{"line":19,"column":5}},{"start":{},"end":{}}],"line":14},"2":{"loc":{"start":{"line":15,"column":6},"end":{"line":17,"column":7}},"type":"if","locations":[{"start":{"line":15,"column":6},"end":{"line":17,"column":7}},{"start":{},"end":{}}],"line":15},"3":{"loc":{"start":{"line":50,"column":4},"end":{"line":56,"column":5}},"type":"if","locations":[{"start":{"line":50,"column":4},"end":{"line":56,"column":5}},{"start":{},"end":{}}],"line":50},"4":{"loc":{"start":{"line":61,"column":40},"end":{"line":61,"column":48}},"type":"default-arg","locations":[{"start":{"line":61,"column":47},"end":{"line":61,"column":48}}],"line":61},"5":{"loc":{"start":{"line":67,"column":4},"end":{"line":75,"column":5}},"type":"if","locations":[{"start":{"line":67,"column":4},"end":{"line":75,"column":5}},{"start":{},"end":{}}],"line":67},"6":{"loc":{"start":{"line":69,"column":6},"end":{"line":74,"column":7}},"type":"if","locations":[{"start":{"line":69,"column":6},"end":{"line":74,"column":7}},{"start":{},"end":{}}],"line":69},"7":{"loc":{"start":{"line":70,"column":8},"end":{"line":72,"column":9}},"type":"if","locations":[{"start":{"line":70,"column":8},"end":{"line":72,"column":9}},{"start":{},"end":{}}],"line":70},"8":{"loc":{"start":{"line":122,"column":4},"end":{"line":130,"column":5}},"type":"if","locations":[{"start":{"line":122,"column":4},"end":{"line":130,"column":5}},{"start":{},"end":{}}],"line":122}},"s":{"0":1,"1":1,"2":1,"3":1,"4":1,"5":1,"6":2,"7":2,"8":2,"9":1,"10":1,"11":1,"12":0,"13":1,"14":1,"15":1,"16":0,"17":1,"18":1,"19":1,"20":0,"21":1,"22":0,"23":0,"24":0,"25":0,"26":0,"27":3,"28":3,"29":3,"30":3,"31":1,"32":1,"33":1,"34":1,"35":0,"36":2,"37":0,"38":2,"39":4,"40":2,"41":2,"42":2,"43":2,"44":2,"45":0,"46":2,"47":0,"48":2,"49":2,"50":1,"51":1,"52":0,"53":1,"54":1,"55":0,"56":0,"57":1},"f":{"0":2,"1":0,"2":0,"3":0,"4":3,"5":0,"6":4,"7":0,"8":0,"9":0},"b":{"0":[1,1],"1":[1,0],"2":[0,1],"3":[0,0],"4":[0],"5":[1,2],"6":[1,0],"7":[1,0],"8":[1,1]},"_coverageSchema":"1a1c01bbd47fc00a2c39e90264f33305004495a9","hash":"25ab237dd4cd63d9f2687f6cd8057d81644473df"}
,"C:\\Users\\rache\\scrap-manager\\backend\\utils\\rateLimiter.js": {"path":"C:\\Users\\rache\\scrap-manager\\backend\\utils\\rateLimiter.js","statementMap":{"0":{"start":{"line":1,"column":19},"end":{"line":1,"column":40}},"1":{"start":{"line":2,"column":15},"end":{"line":2,"column":48}},"2":{"start":{"line":5,"column":18},"end":{"line":11,"column":4}},"3":{"start":{"line":13,"column":2},"end":{"line":21,"column":5}},"4":{"start":{"line":14,"column":23},"end":{"line":14,"column":43}},"5":{"start":{"line":16,"column":4},"end":{"line":19,"column":5}},"6":{"start":{"line":17,"column":6},"end":{"line":17,"column":111}},"7":{"start":{"line":18,"column":6},"end":{"line":18,"column":32}},"8":{"start":{"line":20,"column":4},"end":{"line":20,"column":16}},"9":{"start":{"line":23,"column":2},"end":{"line":25,"column":5}},"10":{"start":{"line":24,"column":4},"end":{"line":24,"column":87}},"11":{"start":{"line":27,"column":2},"end":{"line":27,"column":17}},"12":{"start":{"line":30,"column":0},"end":{"line":30,"column":37}}},"fnMap":{"0":{"name":"createRateLimiter","decl":{"start":{"line":4,"column":9},"end":{"line":4,"column":26}},"loc":{"start":{"line":4,"column":29},"end":{"line":28,"column":1}},"line":4},"1":{"name":"(anonymous_1)","decl":{"start":{"line":13,"column":23},"end":{"line":13,"column":24}},"loc":{"start":{"line":13,"column":49},"end":{"line":21,"column":3}},"line":13},"2":{"name":"(anonymous_2)","decl":{"start":{"line":23,"column":22},"end":{"line":23,"column":23}},"loc":{"start":{"line":23,"column":42},"end":{"line":25,"column":3}},"line":23}},"branchMap":{"0":{"loc":{"start":{"line":14,"column":23},"end":{"line":14,"column":43}},"type":"binary-expr","locations":[{"start":{"line":14,"column":23},"end":{"line":14,"column":37}},{"start":{"line":14,"column":41},"end":{"line":14,"column":43}}],"line":14},"1":{"loc":{"start":{"line":16,"column":4},"end":{"line":19,"column":5}},"type":"if","locations":[{"start":{"line":16,"column":4},"end":{"line":19,"column":5}},{"start":{},"end":{}}],"line":16},"2":{"loc":{"start":{"line":16,"column":8},"end":{"line":16,"column":68}},"type":"binary-expr","locations":[{"start":{"line":16,"column":9},"end":{"line":16,"column":23}},{"start":{"line":16,"column":27},"end":{"line":16,"column":41}},{"start":{"line":16,"column":46},"end":{"line":16,"column":68}}],"line":16}},"s":{"0":2,"1":2,"2":2,"3":2,"4":0,"5":0,"6":0,"7":0,"8":0,"9":2,"10":0,"11":2,"12":2},"f":{"0":2,"1":0,"2":0},"b":{"0":[0,0],"1":[0,0],"2":[0,0,0]},"_coverageSchema":"1a1c01bbd47fc00a2c39e90264f33305004495a9","hash":"9dfc05f232cb7ff72f3c9927d315f2adc48598a5"}
,"C:\\Users\\rache\\scrap-manager\\backend\\utils\\splitPage.js": {"path":"C:\\Users\\rache\\scrap-manager\\backend\\utils\\splitPage.js","statementMap":{"0":{"start":{"line":2,"column":18},"end":{"line":2,"column":20}},"1":{"start":{"line":3,"column":4},"end":{"line":5,"column":5}},"2":{"start":{"line":3,"column":17},"end":{"line":3,"column":18}},"3":{"start":{"line":4,"column":6},"end":{"line":4,"column":50}},"4":{"start":{"line":6,"column":4},"end":{"line":6,"column":17}},"5":{"start":{"line":9,"column":2},"end":{"line":9,"column":33}}},"fnMap":{"0":{"name":"splitPage","decl":{"start":{"line":1,"column":9},"end":{"line":1,"column":18}},"loc":{"start":{"line":1,"column":44},"end":{"line":7,"column":3}},"line":1}},"branchMap":{"0":{"loc":{"start":{"line":1,"column":25},"end":{"line":1,"column":42}},"type":"default-arg","locations":[{"start":{"line":1,"column":40},"end":{"line":1,"column":42}}],"line":1}},"s":{"0":5,"1":5,"2":5,"3":5,"4":5,"5":2},"f":{"0":5},"b":{"0":[5]},"_coverageSchema":"1a1c01bbd47fc00a2c39e90264f33305004495a9","hash":"9f91981b1433ffaa21fcbe6b9b66d5341d5ef39c"}
,"C:\\Users\\rache\\scrap-manager\\backend\\utils\\logger\\winstonConfig.js": {"path":"C:\\Users\\rache\\scrap-manager\\backend\\utils\\logger\\winstonConfig.js","statementMap":{"0":{"start":{"line":1,"column":16},"end":{"line":1,"column":34}},"1":{"start":{"line":3,"column":15},"end":{"line":10,"column":2}},"2":{"start":{"line":12,"column":0},"end":{"line":16,"column":1}},"3":{"start":{"line":13,"column":2},"end":{"line":15,"column":6}},"4":{"start":{"line":19,"column":0},"end":{"line":19,"column":28}}},"fnMap":{},"branchMap":{"0":{"loc":{"start":{"line":12,"column":0},"end":{"line":16,"column":1}},"type":"if","locations":[{"start":{"line":12,"column":0},"end":{"line":16,"column":1}},{"start":{},"end":{}}],"line":12}},"s":{"0":8,"1":8,"2":8,"3":8,"4":8},"f":{},"b":{"0":[8,0]},"_coverageSchema":"1a1c01bbd47fc00a2c39e90264f33305004495a9","hash":"08069a2999f9800e5f73d32fdeecd81d219c1e07"}
}
