TN:
SF:middleware\redis\cacheManager.js
FN:7,getCacheValue
FN:12,setCacheValue
FN:35,setUserRepoMaxPageCount
FN:60,getUserRepoMaxPageCount
FNF:4
FNH:4
FNDA:2,getCacheValue
FNDA:2,setCacheValue
FNDA:2,setUserRepoMaxPageCount
FNDA:2,getUserRepoMaxPageCount
DA:1,5
DA:2,5
DA:3,5
DA:5,5
DA:8,2
DA:9,2
DA:13,2
DA:14,2
DA:15,0
DA:17,2
DA:18,0
DA:20,2
DA:21,2
DA:23,0
DA:29,0
DA:36,2
DA:38,2
DA:39,2
DA:40,0
DA:42,2
DA:43,0
DA:46,2
DA:47,2
DA:49,0
DA:55,0
DA:61,2
DA:62,2
DA:63,2
DA:66,5
LF:29
LH:21
BRDA:9,0,0,2
BRDA:9,0,1,0
BRDA:14,1,0,0
BRDA:14,1,1,2
BRDA:14,2,0,2
BRDA:14,2,1,2
BRDA:17,3,0,0
BRDA:17,3,1,2
BRDA:39,4,0,0
BRDA:39,4,1,2
BRDA:39,5,0,2
BRDA:39,5,1,2
BRDA:42,6,0,0
BRDA:42,6,1,2
BRDA:42,7,0,2
BRDA:42,7,1,2
BRDA:63,8,0,2
BRDA:63,8,1,0
BRF:18
BRH:12
end_of_record
TN:
SF:middleware\redis\cacheMiddlewareRepo.js
FN:7,cacheMiddlewareRepo
FN:8,(anonymous_1)
FNF:2
FNH:2
FNDA:1,cacheMiddlewareRepo
FNDA:5,(anonymous_1)
DA:1,1
DA:2,1
DA:3,1
DA:4,1
DA:5,1
DA:8,1
DA:9,5
DA:10,5
DA:13,5
DA:14,5
DA:15,0
DA:16,5
DA:17,2
DA:18,3
DA:19,3
DA:20,3
DA:23,5
DA:24,5
DA:26,5
DA:27,5
DA:28,3
DA:29,1
DA:30,1
DA:33,2
DA:35,2
DA:37,2
DA:40,2
DA:41,2
DA:43,0
DA:44,0
DA:49,1
LF:31
LH:28
BRDA:7,0,0,0
BRDA:9,1,0,5
BRDA:9,1,1,3
BRDA:14,2,0,0
BRDA:14,2,1,5
BRDA:16,3,0,2
BRDA:16,3,1,3
BRDA:18,4,0,3
BRDA:18,4,1,0
BRDA:24,5,0,5
BRDA:24,5,1,0
BRDA:27,6,0,3
BRDA:27,6,1,2
BRDA:28,7,0,1
BRDA:28,7,1,2
BRF:15
BRH:11
end_of_record
TN:
SF:middleware\redis\cacheMiddlewareUser.js
FN:6,cacheMiddlewareUser
FN:7,(anonymous_1)
FN:9,(anonymous_2)
FNF:3
FNH:3
FNDA:1,cacheMiddlewareUser
FNDA:6,(anonymous_1)
FNDA:18,(anonymous_2)
DA:1,1
DA:2,1
DA:3,1
DA:4,1
DA:7,1
DA:8,6
DA:9,18
DA:10,6
DA:12,6
DA:13,0
DA:17,6
DA:18,3
DA:19,3
DA:20,3
DA:21,3
DA:22,2
DA:24,2
DA:25,1
DA:26,1
DA:30,1
DA:31,1
DA:33,1
DA:34,1
DA:36,0
DA:37,0
DA:42,3
DA:43,3
DA:44,3
DA:46,3
DA:47,0
DA:50,3
DA:51,3
DA:52,3
DA:53,3
DA:54,2
DA:57,2
DA:60,2
DA:61,1
DA:63,1
DA:64,0
DA:65,0
DA:68,1
DA:70,1
DA:71,1
DA:73,0
DA:74,0
DA:78,0
DA:82,1
LF:48
LH:39
BRDA:6,0,0,0
BRDA:12,1,0,0
BRDA:12,1,1,6
BRDA:17,2,0,3
BRDA:17,2,1,3
BRDA:21,3,0,2
BRDA:21,3,1,1
BRDA:24,4,0,1
BRDA:24,4,1,1
BRDA:42,5,0,3
BRDA:42,5,1,0
BRDA:42,6,0,3
BRDA:42,6,1,3
BRDA:46,7,0,0
BRDA:46,7,1,3
BRDA:46,8,0,3
BRDA:46,8,1,3
BRDA:53,9,0,2
BRDA:53,9,1,1
BRDA:60,10,0,1
BRDA:60,10,1,1
BRDA:63,11,0,0
BRDA:63,11,1,1
BRF:23
BRH:18
end_of_record
TN:
SF:middleware\redis\redisClient.js
FN:11,(anonymous_0)
FN:16,(anonymous_1)
FN:26,(anonymous_2)
FN:37,(anonymous_3)
FN:47,(anonymous_4)
FN:62,(anonymous_5)
FN:66,(anonymous_6)
FN:70,(anonymous_7)
FN:78,(anonymous_8)
FNF:9
FNH:4
FNDA:6,(anonymous_0)
FNDA:9,(anonymous_1)
FNDA:0,(anonymous_2)
FNDA:1,(anonymous_3)
FNDA:1,(anonymous_4)
FNDA:0,(anonymous_5)
FNDA:0,(anonymous_6)
FNDA:0,(anonymous_7)
FNDA:0,(anonymous_8)
DA:1,6
DA:2,6
DA:5,6
DA:12,6
DA:13,6
DA:17,9
DA:19,7
DA:26,7
DA:27,0
DA:30,7
DA:31,4
DA:32,4
DA:33,4
DA:34,4
DA:38,1
DA:39,1
DA:40,1
DA:42,0
DA:43,0
DA:48,1
DA:49,1
DA:50,1
DA:51,1
DA:52,1
DA:54,0
DA:55,0
DA:57,0
DA:58,0
DA:63,0
DA:67,0
DA:71,0
DA:75,6
DA:78,6
DA:79,0
DA:82,6
LF:35
LH:24
BRDA:17,0,0,2
BRDA:17,0,1,7
BRDA:50,1,0,1
BRDA:50,1,1,0
BRF:4
BRH:3
end_of_record
TN:
SF:middleware\redis\constants\cache_ttl.js
FNF:0
FNH:0
DA:1,9
DA:10,9
LF:2
LH:2
BRF:0
BRH:0
end_of_record
TN:
SF:service\fetchRepos.js
FN:8,fetchRepositories
FN:37,(anonymous_1)
FN:47,(anonymous_2)
FN:71,(anonymous_3)
FN:83,fetchRepoDetail
FN:93,(anonymous_5)
FN:133,(anonymous_6)
FN:147,(anonymous_7)
FNF:8
FNH:5
FNDA:5,fetchRepositories
FNDA:0,(anonymous_1)
FNDA:3,(anonymous_2)
FNDA:1,(anonymous_3)
FNDA:6,fetchRepoDetail
FNDA:0,(anonymous_5)
FNDA:0,(anonymous_6)
FNDA:1,(anonymous_7)
DA:1,1
DA:2,1
DA:3,1
DA:4,1
DA:5,1
DA:6,1
DA:9,5
DA:10,5
DA:12,5
DA:14,5
DA:15,1
DA:16,1
DA:23,5
DA:25,1
DA:26,1
DA:27,1
DA:28,1
DA:30,1
DA:32,0
DA:33,0
DA:37,4
DA:38,0
DA:47,3
DA:63,3
DA:64,3
DA:66,3
DA:67,3
DA:68,3
DA:71,1
DA:75,3
DA:76,3
DA:78,1
DA:79,1
DA:84,6
DA:86,6
DA:88,6
DA:89,6
DA:90,1
DA:93,5
DA:94,0
DA:102,2
DA:127,2
DA:132,2
DA:134,0
DA:137,2
DA:140,3
DA:142,2
DA:146,2
DA:147,1
DA:149,3
DA:153,1
LF:51
LH:46
BRDA:8,0,0,0
BRDA:8,1,0,1
BRDA:8,2,0,0
BRDA:14,3,0,1
BRDA:14,3,1,4
BRDA:14,4,0,5
BRDA:14,4,1,5
BRDA:23,5,0,1
BRDA:23,5,1,4
BRDA:27,6,0,1
BRDA:27,6,1,0
BRDA:89,7,0,1
BRDA:89,7,1,5
BRDA:115,8,0,0
BRDA:115,8,1,2
BRDA:140,9,0,2
BRDA:140,9,1,1
BRDA:146,10,0,2
BRDA:146,10,1,0
BRF:19
BRH:14
end_of_record
TN:
SF:service\fetchUser.js
FN:8,fetchUserProfile
FN:22,(anonymous_1)
FN:47,(anonymous_2)
FN:55,(anonymous_3)
FN:61,fetchUserRepos
FN:77,(anonymous_5)
FN:85,(anonymous_6)
FN:114,(anonymous_7)
FN:118,(anonymous_8)
FN:128,(anonymous_9)
FNF:10
FNH:3
FNDA:2,fetchUserProfile
FNDA:0,(anonymous_1)
FNDA:0,(anonymous_2)
FNDA:0,(anonymous_3)
FNDA:3,fetchUserRepos
FNDA:0,(anonymous_5)
FNDA:4,(anonymous_6)
FNDA:0,(anonymous_7)
FNDA:0,(anonymous_8)
FNDA:0,(anonymous_9)
DA:1,1
DA:2,1
DA:3,1
DA:4,1
DA:5,1
DA:6,1
DA:9,2
DA:11,2
DA:12,2
DA:13,1
DA:14,1
DA:15,1
DA:16,0
DA:18,1
DA:21,1
DA:22,1
DA:23,0
DA:30,1
DA:43,1
DA:47,1
DA:48,1
DA:50,0
DA:51,0
DA:55,0
DA:57,0
DA:62,3
DA:63,3
DA:66,3
DA:67,3
DA:68,1
DA:69,1
DA:70,1
DA:71,1
DA:73,0
DA:77,2
DA:78,0
DA:85,4
DA:106,2
DA:109,2
DA:110,2
DA:111,2
DA:114,0
DA:118,2
DA:119,2
DA:122,2
DA:123,1
DA:128,1
DA:129,1
DA:131,1
DA:133,0
DA:134,0
DA:141,1
LF:52
LH:41
BRDA:12,0,0,1
BRDA:12,0,1,1
BRDA:14,1,0,1
BRDA:14,1,1,0
BRDA:15,2,0,0
BRDA:15,2,1,1
BRDA:50,3,0,0
BRDA:50,3,1,0
BRDA:61,4,0,0
BRDA:67,5,0,1
BRDA:67,5,1,2
BRDA:69,6,0,1
BRDA:69,6,1,0
BRDA:70,7,0,1
BRDA:70,7,1,0
BRDA:122,8,0,1
BRDA:122,8,1,1
BRF:17
BRH:10
end_of_record
TN:
SF:utils\rateLimiter.js
FN:4,createRateLimiter
FN:10,(anonymous_1)
FN:20,(anonymous_2)
FNF:3
FNH:1
FNDA:2,createRateLimiter
FNDA:0,(anonymous_1)
FNDA:0,(anonymous_2)
DA:1,2
DA:2,2
DA:5,2
DA:10,2
DA:11,0
DA:13,0
DA:14,0
DA:15,0
DA:17,0
DA:20,2
DA:21,0
DA:24,2
DA:27,2
LF:13
LH:7
BRDA:11,0,0,0
BRDA:11,0,1,0
BRDA:13,1,0,0
BRDA:13,1,1,0
BRDA:13,2,0,0
BRDA:13,2,1,0
BRDA:13,2,2,0
BRF:7
BRH:0
end_of_record
TN:
SF:utils\splitPage.js
FN:1,splitPage
FNF:1
FNH:1
FNDA:5,splitPage
DA:2,5
DA:3,5
DA:4,5
DA:6,5
DA:9,2
LF:5
LH:5
BRDA:1,0,0,5
BRF:1
BRH:1
end_of_record
TN:
SF:utils\logger\winstonConfig.js
FNF:0
FNH:0
DA:1,8
DA:3,8
DA:12,8
DA:13,8
DA:19,8
LF:5
LH:5
BRDA:12,0,0,8
BRDA:12,0,1,0
BRF:2
BRH:1
end_of_record
